# JRE version: OpenJDK Runtime Environment Temurin-11.0.18+10 (11.0.18+10) (build 11.0.18+10)
# Java VM: OpenJDK 64-Bit Server VM Temurin-11.0.18+10 (11.0.18+10, mixed mode, tiered, compressed oops, g1 gc, windows-amd64)
Heap:
 garbage-first heap   total 196608K, used 70392K [0x00000000e0000000, 0x0000000100000000)
  region size 1024K, 18 young (18432K), 7 survivors (7168K)
 Metaspace       used 43627K, capacity 44929K, committed 45132K, reserved 1089536K
  class space    used 4901K, capacity 5412K, committed 5504K, reserved 1048576K
GC Heap History (20 events):
Event: 1.698 GC heap before
{Heap before GC invocations=1 (full 0):
 garbage-first heap   total 196608K, used 18053K [0x00000000e0000000, 0x0000000100000000)
  region size 1024K, 14 young (14336K), 2 survivors (2048K)
 Metaspace       used 10561K, capacity 10747K, committed 10880K, reserved 1058816K
  class space    used 977K, capacity 1055K, committed 1152K, reserved 1048576K
}
Event: 1.701 GC heap after
{Heap after GC invocations=2 (full 0):
 garbage-first heap   total 196608K, used 6393K [0x00000000e0000000, 0x0000000100000000)
  region size 1024K, 1 young (1024K), 1 survivors (1024K)
 Metaspace       used 10561K, capacity 10747K, committed 10880K, reserved 1058816K
  class space    used 977K, capacity 1055K, committed 1152K, reserved 1048576K
}
Event: 2.783 GC heap before
{Heap before GC invocations=2 (full 0):
 garbage-first heap   total 196608K, used 37113K [0x00000000e0000000, 0x0000000100000000)
  region size 1024K, 31 young (31744K), 1 survivors (1024K)
 Metaspace       used 15859K, capacity 16120K, committed 16384K, reserved 1064960K
  class space    used 1569K, capacity 1682K, committed 1792K, reserved 1048576K
}
Event: 2.787 GC heap after
{Heap after GC invocations=3 (full 0):
 garbage-first heap   total 196608K, used 8647K [0x00000000e0000000, 0x0000000100000000)
  region size 1024K, 3 young (3072K), 3 survivors (3072K)
 Metaspace       used 15859K, capacity 16120K, committed 16384K, reserved 1064960K
  class space    used 1569K, capacity 1682K, committed 1792K, reserved 1048576K
}
Event: 5.321 GC heap before
{Heap before GC invocations=3 (full 0):
 garbage-first heap   total 196608K, used 55751K [0x00000000e0000000, 0x0000000100000000)
  region size 1024K, 49 young (50176K), 3 survivors (3072K)
 Metaspace       used 20543K, capacity 20870K, committed 21120K, reserved 1069056K
  class space    used 2040K, capacity 2159K, committed 2176K, reserved 1048576K
}
Event: 5.336 GC heap after
{Heap after GC invocations=4 (full 0):
 garbage-first heap   total 196608K, used 16733K [0x00000000e0000000, 0x0000000100000000)
  region size 1024K, 7 young (7168K), 7 survivors (7168K)
 Metaspace       used 20543K, capacity 20870K, committed 21120K, reserved 1069056K
  class space    used 2040K, capacity 2159K, committed 2176K, reserved 1048576K
}
Event: 5.457 GC heap before
{Heap before GC invocations=4 (full 0):
 garbage-first heap   total 196608K, used 24925K [0x00000000e0000000, 0x0000000100000000)
  region size 1024K, 16 young (16384K), 7 survivors (7168K)
 Metaspace       used 20749K, capacity 21094K, committed 21248K, reserved 1069056K
  class space    used 2049K, capacity 2191K, committed 2304K, reserved 1048576K
}
Event: 5.475 GC heap after
{Heap after GC invocations=5 (full 0):
 garbage-first heap   total 196608K, used 18989K [0x00000000e0000000, 0x0000000100000000)
  region size 1024K, 3 young (3072K), 3 survivors (3072K)
 Metaspace       used 20749K, capacity 21094K, committed 21248K, reserved 1069056K
  class space    used 2049K, capacity 2191K, committed 2304K, reserved 1048576K
}
Event: 6.289 GC heap before
{Heap before GC invocations=6 (full 0):
 garbage-first heap   total 196608K, used 67117K [0x00000000e0000000, 0x0000000100000000)
  region size 1024K, 50 young (51200K), 3 survivors (3072K)
 Metaspace       used 23059K, capacity 23430K, committed 23680K, reserved 1071104K
  class space    used 2274K, capacity 2415K, committed 2432K, reserved 1048576K
}
Event: 6.296 GC heap after
{Heap after GC invocations=7 (full 0):
 garbage-first heap   total 196608K, used 22347K [0x00000000e0000000, 0x0000000100000000)
  region size 1024K, 6 young (6144K), 6 survivors (6144K)
 Metaspace       used 23059K, capacity 23430K, committed 23680K, reserved 1071104K
  class space    used 2274K, capacity 2415K, committed 2432K, reserved 1048576K
}
Event: 8.532 GC heap before
{Heap before GC invocations=7 (full 0):
 garbage-first heap   total 196608K, used 129867K [0x00000000e0000000, 0x0000000100000000)
  region size 1024K, 111 young (113664K), 6 survivors (6144K)
 Metaspace       used 30769K, capacity 31702K, committed 31744K, reserved 1077248K
  class space    used 3214K, capacity 3571K, committed 3584K, reserved 1048576K
}
Event: 8.553 GC heap after
{Heap after GC invocations=8 (full 0):
 garbage-first heap   total 196608K, used 31718K [0x00000000e0000000, 0x0000000100000000)
  region size 1024K, 14 young (14336K), 14 survivors (14336K)
 Metaspace       used 30769K, capacity 31702K, committed 31744K, reserved 1077248K
  class space    used 3214K, capacity 3571K, committed 3584K, reserved 1048576K
}
Event: 9.706 GC heap before
{Heap before GC invocations=8 (full 0):
 garbage-first heap   total 196608K, used 121830K [0x00000000e0000000, 0x0000000100000000)
  region size 1024K, 102 young (104448K), 14 survivors (14336K)
 Metaspace       used 34221K, capacity 35170K, committed 35328K, reserved 1081344K
  class space    used 3655K, capacity 4027K, committed 4096K, reserved 1048576K
}
Event: 9.734 GC heap after
{Heap after GC invocations=9 (full 0):
 garbage-first heap   total 196608K, used 40361K [0x00000000e0000000, 0x0000000100000000)
  region size 1024K, 9 young (9216K), 9 survivors (9216K)
 Metaspace       used 34221K, capacity 35170K, committed 35328K, reserved 1081344K
  class space    used 3655K, capacity 4027K, committed 4096K, reserved 1048576K
}
Event: 9.864 GC heap before
{Heap before GC invocations=9 (full 0):
 garbage-first heap   total 196608K, used 51625K [0x00000000e0000000, 0x0000000100000000)
  region size 1024K, 21 young (21504K), 9 survivors (9216K)
 Metaspace       used 34857K, capacity 35810K, committed 35840K, reserved 1081344K
  class space    used 3719K, capacity 4091K, committed 4096K, reserved 1048576K
}
Event: 9.875 GC heap after
{Heap after GC invocations=10 (full 0):
 garbage-first heap   total 196608K, used 42356K [0x00000000e0000000, 0x0000000100000000)
  region size 1024K, 2 young (2048K), 2 survivors (2048K)
 Metaspace       used 34857K, capacity 35810K, committed 35840K, reserved 1081344K
  class space    used 3719K, capacity 4091K, committed 4096K, reserved 1048576K
}
Event: 11.205 GC heap before
{Heap before GC invocations=11 (full 0):
 garbage-first heap   total 196608K, used 134516K [0x00000000e0000000, 0x0000000100000000)
  region size 1024K, 92 young (94208K), 2 survivors (2048K)
 Metaspace       used 39286K, capacity 40379K, committed 40652K, reserved 1085440K
  class space    used 4311K, capacity 4770K, committed 4864K, reserved 1048576K
}
Event: 11.219 GC heap after
{Heap after GC invocations=12 (full 0):
 garbage-first heap   total 196608K, used 48482K [0x00000000e0000000, 0x0000000100000000)
  region size 1024K, 8 young (8192K), 8 survivors (8192K)
 Metaspace       used 39286K, capacity 40379K, committed 40652K, reserved 1085440K
  class space    used 4311K, capacity 4770K, committed 4864K, reserved 1048576K
}
Event: 24.143 GC heap before
{Heap before GC invocations=13 (full 0):
 garbage-first heap   total 196608K, used 145762K [0x00000000e0000000, 0x0000000100000000)
  region size 1024K, 98 young (100352K), 8 survivors (8192K)
 Metaspace       used 42990K, capacity 44247K, committed 44492K, reserved 1089536K
  class space    used 4817K, capacity 5333K, committed 5376K, reserved 1048576K
}
Event: 24.161 GC heap after
{Heap after GC invocations=14 (full 0):
 garbage-first heap   total 196608K, used 60152K [0x00000000e0000000, 0x0000000100000000)
  region size 1024K, 7 young (7168K), 7 survivors (7168K)
 Metaspace       used 42990K, capacity 44247K, committed 44492K, reserved 1089536K
  class space    used 4817K, capacity 5333K, committed 5376K, reserved 1048576K
}

